<?xml version="1.0" encoding="UTF-8"?>
<!-- Generated by org.testng.reporters.JUnitReportReporter -->
<testsuite hostname="B122754-LT1" failures="0" tests="3" name="testng.Topic_04_DataProvider" time="12.301" errors="0" timestamp="15 May 2023 13:14:40 GMT" skipped="0">
  <testcase classname="testng.Topic_04_DataProvider" name="TC_01_Login_To_System" time="2.939"/>
  <testcase classname="testng.Topic_04_DataProvider" name="TC_01_Login_To_System" time="3.081"/>
  <testcase classname="testng.Topic_04_DataProvider" name="TC_01_Login_To_System" time="6.281"/>
</testsuite> <!-- testng.Topic_04_DataProvider -->
