<?xml version="1.0" encoding="UTF-8"?>
<!-- Generated by org.testng.reporters.JUnitReportReporter -->
<testsuite hostname="Admin-PC" failures="0" tests="3" name="webdriver.Topic_05_Multiple_Browser" time="18.511" errors="0" timestamp="01 Nov 2022 14:14:03 GMT" skipped="0">
  <testcase classname="webdriver.Topic_05_Multiple_Browser" name="TC_01_Chrome" time="4.941"/>
  <testcase classname="webdriver.Topic_05_Multiple_Browser" name="TC_03_Edge" time="6.088"/>
  <testcase classname="webdriver.Topic_05_Multiple_Browser" name="TC_02_Firefox" time="7.482"/>
</testsuite> <!-- webdriver.Topic_05_Multiple_Browser -->
