<?xml version="1.0" encoding="UTF-8"?>
<!-- Generated by org.testng.reporters.JUnitReportReporter -->
<testsuite hostname="B122754-LT1" failures="0" tests="2" name="webdriver.Topic_16_Handle_Upload_File" time="65.301" errors="0" timestamp="25 Feb 2023 14:11:22 GMT" skipped="0">
  <testcase classname="webdriver.Topic_16_Handle_Upload_File" name="TC_02_Multiple_File" time="23.161"/>
  <testcase classname="webdriver.Topic_16_Handle_Upload_File" name="TC_01_One_File" time="42.140"/>
</testsuite> <!-- webdriver.Topic_16_Handle_Upload_File -->
