<?xml version="1.0" encoding="UTF-8"?>
<!-- Generated by org.testng.reporters.JUnitReportReporter -->
<testsuite hostname="Admin-PC" failures="0" tests="1" name="webdriver.Topic_09_Default_DropDown" time="5.744" errors="0" timestamp="24 Nov 2022 14:11:55 GMT" skipped="0">
  <testcase classname="webdriver.Topic_09_Default_DropDown" name="TC_02_NopCommerce" time="5.744"/>
</testsuite> <!-- webdriver.Topic_09_Default_DropDown -->
