<?xml version="1.0" encoding="UTF-8"?>
<!-- Generated by org.testng.reporters.JUnitReportReporter -->
<testsuite hostname="Admin-PC" failures="0" tests="1" name="webdriver.Topic_10_Custom_DropDown" time="65.216" errors="0" timestamp="04 Dec 2022 13:45:06 GMT" skipped="0">
  <testcase classname="webdriver.Topic_10_Custom_DropDown" name="TC_04_Angular_Enter" time="65.216"/>
</testsuite> <!-- webdriver.Topic_10_Custom_DropDown -->
