<?xml version="1.0" encoding="UTF-8"?>
<!-- Generated by org.testng.reporters.JUnitReportReporter -->
<testsuite hostname="B122754-LT1" failures="0" tests="1" name="testng.Topic02_Assert" time="0.007" errors="0" timestamp="14 May 2023 13:47:13 GMT" skipped="0">
  <testcase classname="testng.Topic02_Assert" name="TC_01" time="0.007"/>
</testsuite> <!-- testng.Topic02_Assert -->
