<?xml version="1.0" encoding="UTF-8"?>
<!-- Generated by org.testng.reporters.JUnitReportReporter -->
<testsuite hostname="B122754-LT1" failures="0" tests="2" name="testng.Topic01_Anotation" time="0.009" errors="0" timestamp="14 May 2023 13:38:27 GMT" skipped="0">
  <testcase classname="testng.Topic01_Anotation" name="Register" time="0.001"/>
  <testcase classname="testng.Topic01_Anotation" name="Login" time="0.008"/>
</testsuite> <!-- testng.Topic01_Anotation -->
