<?xml version="1.0" encoding="UTF-8"?>
<!-- Generated by org.testng.reporters.JUnitReportReporter -->
<testsuite hostname="B122754-LT1" failures="0" tests="4" name="testng.Topic_03_Priority_Enable_Description" time="0.010" errors="0" timestamp="14 May 2023 14:31:29 GMT" skipped="1">
  <testcase classname="testng.Topic_03_Priority_Enable_Description" name="Order_01_View_Product" time="0.008"/>
  <testcase classname="testng.Topic_03_Priority_Enable_Description" name="Order_03_Add_Payment_Method" time="0.001"/>
  <testcase classname="testng.Topic_03_Priority_Enable_Description" name="Order_04_Checkout" time="0.001"/>
  <testcase classname="testng.Topic_03_Priority_Enable_Description" name="Order_02_Add_To_Cart">
    <skipped/>
  </testcase> <!-- Order_02_Add_To_Cart -->
</testsuite> <!-- testng.Topic_03_Priority_Enable_Description -->
