<?xml version="1.0" encoding="UTF-8"?>
<!-- Generated by org.testng.reporters.JUnitReportReporter -->
<testsuite hostname="B122754-LT1" failures="0" tests="4" name="webdriver.Topic_18_Wait_PartVI_Mix_Implicit_Explicit" time="4.703" errors="0" timestamp="17 Jul 2023 13:33:34 GMT" skipped="0">
  <testcase classname="webdriver.Topic_18_Wait_PartVI_Mix_Implicit_Explicit" name="TC_03_Only_Explicit" time="0.771"/>
  <testcase classname="webdriver.Topic_18_Wait_PartVI_Mix_Implicit_Explicit" name="TC_04_Element_Not_Found" time="0.948"/>
  <testcase classname="webdriver.Topic_18_Wait_PartVI_Mix_Implicit_Explicit" name="TC_02_Element_Not_Found_Only_Implicit" time="0.934"/>
  <testcase classname="webdriver.Topic_18_Wait_PartVI_Mix_Implicit_Explicit" name="TC_01_Element_Found" time="2.050"/>
</testsuite> <!-- webdriver.Topic_18_Wait_PartVI_Mix_Implicit_Explicit -->
