<?xml version="1.0" encoding="UTF-8"?>
<!-- Generated by org.testng.reporters.JUnitReportReporter -->
<testsuite hostname="Admin-PC" failures="0" tests="6" name="webdriver.Topic_04_Xpath_Part_II" time="10.051" errors="0" timestamp="03 Oct 2022 15:10:30 GMT" skipped="0">
  <testcase classname="webdriver.Topic_04_Xpath_Part_II" name="Register_05_Incorrect_Confirm_Password" time="1.284"/>
  <testcase classname="webdriver.Topic_04_Xpath_Part_II" name="Register_02_Invalid_Email" time="1.342"/>
  <testcase classname="webdriver.Topic_04_Xpath_Part_II" name="Register_01_Empty_Data" time="2.790"/>
  <testcase classname="webdriver.Topic_04_Xpath_Part_II" name="Register_03_Incorrect_Confirm_Email" time="1.322"/>
  <testcase classname="webdriver.Topic_04_Xpath_Part_II" name="Register_04_Password_Less_Than_6_Characters" time="1.357"/>
  <testcase classname="webdriver.Topic_04_Xpath_Part_II" name="Register_06_Invalid_Phone_Number" time="1.956"/>
</testsuite> <!-- webdriver.Topic_04_Xpath_Part_II -->
