<?xml version="1.0" encoding="UTF-8"?>
<!-- Generated by org.testng.reporters.JUnitReportReporter -->
<testsuite hostname="B122754-LT1" failures="0" tests="2" name="webdriver.Topic_13_Handle_Frame_iFrame" time="45.232" errors="0" timestamp="09 Feb 2023 12:52:41 GMT" skipped="0">
  <testcase classname="webdriver.Topic_13_Handle_Frame_iFrame" name="TC_02" time="0.001"/>
  <testcase classname="webdriver.Topic_13_Handle_Frame_iFrame" name="TC_01" time="45.231"/>
</testsuite> <!-- webdriver.Topic_13_Handle_Frame_iFrame -->
