<?xml version="1.0" encoding="UTF-8"?>
<!-- Generated by org.testng.reporters.JUnitReportReporter -->
<testsuite hostname="B122754-LT1" failures="0" tests="2" name="webdriver.Topic_18_Wait_Part_II_FindElement_FindElements" time="1.495" errors="0" timestamp="27 Mar 2023 13:06:50 GMT" skipped="0">
  <testcase classname="webdriver.Topic_18_Wait_Part_II_FindElement_FindElements" name="TC_02" time="0.004"/>
  <testcase classname="webdriver.Topic_18_Wait_Part_II_FindElement_FindElements" name="TC_01" time="1.491"/>
</testsuite> <!-- webdriver.Topic_18_Wait_Part_II_FindElement_FindElements -->
