<?xml version="1.0" encoding="UTF-8"?>
<!-- Generated by org.testng.reporters.JUnitReportReporter -->
<testsuite hostname="Admin-PC" failures="0" tests="3" name="webdriver.Topic_03_Locator_Performation" time="83.901" errors="0" timestamp="17 Oct 2022 13:31:26 GMT" skipped="0">
  <testcase classname="webdriver.Topic_03_Locator_Performation" name="TC_01_ID" time="30.086"/>
  <testcase classname="webdriver.Topic_03_Locator_Performation" name="TC_02_Css" time="27.237"/>
  <testcase classname="webdriver.Topic_03_Locator_Performation" name="TC_03_Xpath" time="26.578"/>
</testsuite> <!-- webdriver.Topic_03_Locator_Performation -->
