<?xml version="1.0" encoding="UTF-8"?>
<!-- Generated by org.testng.reporters.JUnitReportReporter -->
<testsuite hostname="B122754-LT1" failures="0" tests="4" name="admin.Admin_01_Manage_Product" time="0.008" errors="0" timestamp="14 May 2023 14:20:37 GMT" skipped="0">
  <testcase classname="admin.Admin_01_Manage_Product" name="Product_04_Delete" time="0.001"/>
  <testcase classname="admin.Admin_01_Manage_Product" name="Product_03_Edit" time="0.000"/>
  <testcase classname="admin.Admin_01_Manage_Product" name="Product_02_View" time="0.001"/>
  <testcase classname="admin.Admin_01_Manage_Product" name="Product_01_Create" time="0.006"/>
</testsuite> <!-- admin.Admin_01_Manage_Product -->
