<?xml version="1.0" encoding="UTF-8"?>
<!-- Generated by org.testng.reporters.JUnitReportReporter -->
<testsuite hostname="Admin-PC" failures="0" tests="6" name="webdriver.Topic_04_Xpath_Part_II_Register" time="10.495" errors="0" timestamp="24 Oct 2022 14:19:48 GMT" skipped="0">
  <testcase classname="webdriver.Topic_04_Xpath_Part_II_Register" name="Register_05_Incorrect_Confirm_Password" time="1.331"/>
  <testcase classname="webdriver.Topic_04_Xpath_Part_II_Register" name="Register_02_Invalid_Email" time="1.349"/>
  <testcase classname="webdriver.Topic_04_Xpath_Part_II_Register" name="Register_01_Empty_Data" time="3.011"/>
  <testcase classname="webdriver.Topic_04_Xpath_Part_II_Register" name="Register_03_Incorrect_Confirm_Email" time="1.310"/>
  <testcase classname="webdriver.Topic_04_Xpath_Part_II_Register" name="Register_04_Password_Less_Than_6_Characters" time="1.441"/>
  <testcase classname="webdriver.Topic_04_Xpath_Part_II_Register" name="Register_06_Invalid_Phone_Number" time="2.053"/>
</testsuite> <!-- webdriver.Topic_04_Xpath_Part_II_Register -->
